2015-02-21 22:29:23.294 WebApp1[40808:1138693] DiskCookieStorage changing policy from 2 to 0, cookie file: file:///Users/Retribution/Library/Developer/CoreSimulator/Devices/D5F84775-49DB-47A6-B330-5055289F063B/data/Containers/Data/Application/A0C070F3-6C83-471A-A145-FAA622204422/Library/Cookies/Cookies.binarycookies
2015-02-21 22:29:23.706 WebApp1[40808:1138693] Apache Cordova native platform version 3.7.0 is starting.
2015-02-21 22:29:23.706 WebApp1[40808:1138693] Multi-tasking -> Device: YES, App: YES
2015-02-21 22:29:23.718 WebApp1[40808:1138693] Unlimited access to network resources
2015-02-21 22:29:23.726 WebApp1[40808:1138693] 

Started backup to iCloud! Please be careful.
Your application might be rejected by Apple if you store too much data.
For more information please read "iOS Data Storage Guidelines" at:
https://developer.apple.com/icloud/documentation/data-storage/
To disable web storage backup to iCloud, set the BackupWebStorage preference to "local" in the Cordova config.xml file

2015-02-21 22:29:24.656 WebApp1[40808:1138693] Resetting plugins due to page load.
2015-02-21 22:29:24.761 WebApp1[40808:1138693] Finished load of: file:///Users/Retribution/Library/Developer/CoreSimulator/Devices/D5F84775-49DB-47A6-B330-5055289F063B/data/Containers/Bundle/Application/9F6E4313-347E-4B99-8692-2E1489C1C94F/WebApp1.app/www/index.html
2015-02-22 00:09:08.741 WebApp1[41474:1176003] DiskCookieStorage changing policy from 2 to 0, cookie file: file:///Users/Retribution/Library/Developer/CoreSimulator/Devices/D5F84775-49DB-47A6-B330-5055289F063B/data/Containers/Data/Application/FBAE4DE9-A987-4AD2-B53D-E6AFC12B8132/Library/Cookies/Cookies.binarycookies
2015-02-22 00:09:08.997 WebApp1[41474:1176003] Apache Cordova native platform version 3.7.0 is starting.
2015-02-22 00:09:08.998 WebApp1[41474:1176003] Multi-tasking -> Device: YES, App: YES
2015-02-22 00:09:09.015 WebApp1[41474:1176003] Unlimited access to network resources
2015-02-22 00:09:09.026 WebApp1[41474:1176003] 

Started backup to iCloud! Please be careful.
Your application might be rejected by Apple if you store too much data.
For more information please read "iOS Data Storage Guidelines" at:
https://developer.apple.com/icloud/documentation/data-storage/
To disable web storage backup to iCloud, set the BackupWebStorage preference to "local" in the Cordova config.xml file

2015-02-22 00:09:09.608 WebApp1[41474:1176003] Resetting plugins due to page load.
2015-02-22 00:09:09.981 WebApp1[41474:1176003] Finished load of: file:///Users/Retribution/Library/Developer/CoreSimulator/Devices/D5F84775-49DB-47A6-B330-5055289F063B/data/Containers/Bundle/Application/E11294EB-1E5C-4682-A499-9CB0CAD2E645/WebApp1.app/www/index.html#home
2015-02-23 16:11:01.160 WebApp1[50735:3189179] DiskCookieStorage changing policy from 2 to 0, cookie file: file:///Users/Retribution/Library/Developer/CoreSimulator/Devices/D5F84775-49DB-47A6-B330-5055289F063B/data/Containers/Data/Application/1EA0D664-76F3-418C-B4CC-1FB61D5F9C02/Library/Cookies/Cookies.binarycookies
2015-02-23 16:11:01.370 WebApp1[50735:3189179] Apache Cordova native platform version 3.7.0 is starting.
2015-02-23 16:11:01.370 WebApp1[50735:3189179] Multi-tasking -> Device: YES, App: YES
2015-02-23 16:11:01.382 WebApp1[50735:3189179] Unlimited access to network resources
2015-02-23 16:11:01.390 WebApp1[50735:3189179] 

Started backup to iCloud! Please be careful.
Your application might be rejected by Apple if you store too much data.
For more information please read "iOS Data Storage Guidelines" at:
https://developer.apple.com/icloud/documentation/data-storage/
To disable web storage backup to iCloud, set the BackupWebStorage preference to "local" in the Cordova config.xml file

2015-02-23 16:11:01.866 WebApp1[50735:3189179] Resetting plugins due to page load.
2015-02-23 16:11:02.145 WebApp1[50735:3189179] Finished load of: file:///Users/Retribution/Library/Developer/CoreSimulator/Devices/D5F84775-49DB-47A6-B330-5055289F063B/data/Containers/Bundle/Application/D6C088D2-9DF4-42D8-978B-C431C15012B1/WebApp1.app/www/index.html#home
2015-02-23 16:13:01.742 WebApp1[50932:3191501] DiskCookieStorage changing policy from 2 to 0, cookie file: file:///Users/Retribution/Library/Developer/CoreSimulator/Devices/D5F84775-49DB-47A6-B330-5055289F063B/data/Containers/Data/Application/032DC570-FF91-40B3-ABD8-473CF78D18C3/Library/Cookies/Cookies.binarycookies
2015-02-23 16:13:01.827 WebApp1[50932:3191501] Apache Cordova native platform version 3.7.0 is starting.
2015-02-23 16:13:01.827 WebApp1[50932:3191501] Multi-tasking -> Device: YES, App: YES
2015-02-23 16:13:01.828 WebApp1[50932:3191501] Unlimited access to network resources
2015-02-23 16:13:01.831 WebApp1[50932:3191501] 

Started backup to iCloud! Please be careful.
Your application might be rejected by Apple if you store too much data.
For more information please read "iOS Data Storage Guidelines" at:
https://developer.apple.com/icloud/documentation/data-storage/
To disable web storage backup to iCloud, set the BackupWebStorage preference to "local" in the Cordova config.xml file

2015-02-23 16:13:02.075 WebApp1[50932:3191501] Resetting plugins due to page load.
2015-02-23 16:13:02.780 WebApp1[50932:3191501] Finished load of: file:///Users/Retribution/Library/Developer/CoreSimulator/Devices/D5F84775-49DB-47A6-B330-5055289F063B/data/Containers/Bundle/Application/6DC85620-B2B3-4BA8-B754-9EF9B128CB76/WebApp1.app/www/index.html#home
2015-02-25 15:32:05.151 WebApp1[6565:469207] DiskCookieStorage changing policy from 2 to 0, cookie file: file:///Users/Retribution/Library/Developer/CoreSimulator/Devices/D5F84775-49DB-47A6-B330-5055289F063B/data/Containers/Data/Application/DF224CA8-7C79-4C92-9F6E-96A31E77AAD5/Library/Cookies/Cookies.binarycookies
2015-02-25 15:32:05.353 WebApp1[6565:469207] Apache Cordova native platform version 3.7.0 is starting.
2015-02-25 15:32:05.354 WebApp1[6565:469207] Multi-tasking -> Device: YES, App: YES
2015-02-25 15:32:05.364 WebApp1[6565:469207] Unlimited access to network resources
2015-02-25 15:32:05.371 WebApp1[6565:469207] 

Started backup to iCloud! Please be careful.
Your application might be rejected by Apple if you store too much data.
For more information please read "iOS Data Storage Guidelines" at:
https://developer.apple.com/icloud/documentation/data-storage/
To disable web storage backup to iCloud, set the BackupWebStorage preference to "local" in the Cordova config.xml file

2015-02-25 15:32:05.837 WebApp1[6565:469207] Resetting plugins due to page load.
2015-02-25 15:32:06.102 WebApp1[6565:469207] Finished load of: file:///Users/Retribution/Library/Developer/CoreSimulator/Devices/D5F84775-49DB-47A6-B330-5055289F063B/data/Containers/Bundle/Application/AC96BA00-596C-4048-9C20-7E540B4D99FE/WebApp1.app/www/index.html#home
2015-02-25 15:32:09.910 WebApp1[6565:469207] two
2015-02-25 15:32:09.912 WebApp1[6565:469207] ERROR: Wrong type for parameter "options" of geolocation.getCurrentPosition: Expected Object, but got Array.
2015-02-25 16:00:08.391 WebApp1[7219:774332] DiskCookieStorage changing policy from 2 to 0, cookie file: file:///Users/Retribution/Library/Developer/CoreSimulator/Devices/D5F84775-49DB-47A6-B330-5055289F063B/data/Containers/Data/Application/F0C86347-C390-42F2-99FE-80FCD563D21C/Library/Cookies/Cookies.binarycookies
2015-02-25 16:00:08.571 WebApp1[7219:774332] Apache Cordova native platform version 3.7.0 is starting.
2015-02-25 16:00:08.571 WebApp1[7219:774332] Multi-tasking -> Device: YES, App: YES
2015-02-25 16:00:08.590 WebApp1[7219:774332] Unlimited access to network resources
2015-02-25 16:00:08.592 WebApp1[7219:774332] 

Started backup to iCloud! Please be careful.
Your application might be rejected by Apple if you store too much data.
For more information please read "iOS Data Storage Guidelines" at:
https://developer.apple.com/icloud/documentation/data-storage/
To disable web storage backup to iCloud, set the BackupWebStorage preference to "local" in the Cordova config.xml file

2015-02-25 16:00:08.781 WebApp1[7219:774332] Resetting plugins due to page load.
2015-02-25 16:00:08.901 WebApp1[7219:774332] Finished load of: file:///Users/Retribution/Library/Developer/CoreSimulator/Devices/D5F84775-49DB-47A6-B330-5055289F063B/data/Containers/Bundle/Application/E1FDAE26-F170-45BE-866B-5F7BDDD3A9AF/WebApp1.app/www/index.html#home
2015-02-25 16:00:15.671 WebApp1[7219:774332] two
